<?xml version="1.0" encoding="UTF-8"?>
<testng-results skipped="0" failed="0" total="0" passed="0">
  <reporter-output>
  </reporter-output>
  <suite name="bank.testrunner.RunTest" duration-ms="6" started-at="2021-06-04T15:28:54Z" finished-at="2021-06-04T15:28:54Z">
    <groups>
    </groups>
    <test name="Command line test" duration-ms="6" started-at="2021-06-04T15:28:54Z" finished-at="2021-06-04T15:28:54Z">
    </test> <!-- Command line test -->
  </suite> <!-- bank.testrunner.RunTest -->
</testng-results>
